<?xml version="1.0" encoding="UTF-8"?>
<!-- Generated by org.testng.reporters.JUnitReportReporter -->
<testsuite hostname="DHL-HYD1024" name="com.dhboa.automated.testing.AdminValidations" tests="1" failures="0" timestamp="30 Aug 2016 09:30:30 GMT" time="0.061" errors="0">
  <testcase name="roleValidation" time="0.061" classname="com.dhboa.automated.testing.AdminValidations"/>
</testsuite> <!-- com.dhboa.automated.testing.AdminValidations -->
