<?xml version="1.0" encoding="UTF-8"?>
<!-- Generated by org.testng.reporters.JUnitReportReporter -->
<testsuite hostname="DHL-HYD1024" name="com.dhboa.automated.testing.core.Travel" tests="1" failures="0" timestamp="8 Sep 2016 11:09:01 GMT" time="49.390" errors="0">
  <testcase name="travelFlow" time="49.390" classname="com.dhboa.automated.testing.core.Travel"/>
</testsuite> <!-- com.dhboa.automated.testing.core.Travel -->
