<?xml version="1.0" encoding="UTF-8"?>
<!-- Generated by org.testng.reporters.JUnitReportReporter -->
<testsuite hostname="DHL-HYD1024" name="com.dhboa.automated.testing.UserValidations" tests="1" failures="0" timestamp="31 Aug 2016 11:24:57 GMT" time="2.045" errors="0">
  <testcase name="roleValidation" time="2.045" classname="com.dhboa.automated.testing.UserValidations"/>
</testsuite> <!-- com.dhboa.automated.testing.UserValidations -->
