<?xml version="1.0" encoding="UTF-8"?>
<!-- Generated by org.testng.reporters.JUnitReportReporter -->
<testsuite hostname="DHL-HYD1024" name="com.dhboa.automated.testing.LoginModule" tests="1" failures="0" timestamp="30 Aug 2016 05:46:55 GMT" time="11.608" errors="0">
  <testcase name="testLogin" time="11.608" classname="com.dhboa.automated.testing.LoginModule"/>
</testsuite> <!-- com.dhboa.automated.testing.LoginModule -->
