<?xml version="1.0" encoding="UTF-8"?>
<!-- Generated by org.testng.reporters.JUnitReportReporter -->
<testsuite hostname="DHL-HYD1024" name="com.dhboa.automated.testing.UserValidations" tests="1" failures="0" timestamp="30 Aug 2016 07:35:21 GMT" time="0.071" errors="0">
  <testcase name="roleValidation" time="0.071" classname="com.dhboa.automated.testing.UserValidations"/>
</testsuite> <!-- com.dhboa.automated.testing.UserValidations -->
